{"/Users/joyerz/Documents/me/test-demo/src/components/header/index.tsx": {"path":"/Users/joyerz/Documents/me/test-demo/src/components/header/index.tsx","statementMap":{"0":{"start":{"line":9,"column":2},"end":{"line":16,"column":8}},"1":{"start":{"line":11,"column":22},"end":{"line":11,"column":38}},"2":{"start":{"line":15,"column":22},"end":{"line":15,"column":45}}},"fnMap":{"0":{"name":"(anonymous_0)","decl":{"start":{"line":8,"column":15},"end":{"line":8,"column":16}},"loc":{"start":{"line":9,"column":2},"end":{"line":16,"column":8}},"line":9},"1":{"name":"(anonymous_1)","decl":{"start":{"line":11,"column":16},"end":{"line":11,"column":17}},"loc":{"start":{"line":11,"column":22},"end":{"line":11,"column":38}},"line":11},"2":{"name":"(anonymous_2)","decl":{"start":{"line":15,"column":16},"end":{"line":15,"column":17}},"loc":{"start":{"line":15,"column":22},"end":{"line":15,"column":45}},"line":15}},"branchMap":{},"s":{"0":2,"1":1,"2":1},"f":{"0":2,"1":1,"2":1},"b":{},"_coverageSchema":"1a1c01bbd47fc00a2c39e90264f33305004495a9","hash":"6be445e0595981d6e6a20a048dac18ffc36c3614"}
,"/Users/joyerz/Documents/me/test-demo/src/components/layout/index.tsx": {"path":"/Users/joyerz/Documents/me/test-demo/src/components/layout/index.tsx","statementMap":{"0":{"start":{"line":13,"column":2},"end":{"line":18,"column":4}}},"fnMap":{"0":{"name":"(anonymous_0)","decl":{"start":{"line":12,"column":15},"end":{"line":12,"column":16}},"loc":{"start":{"line":12,"column":52},"end":{"line":19,"column":1}},"line":12}},"branchMap":{},"s":{"0":1},"f":{"0":1},"b":{},"_coverageSchema":"1a1c01bbd47fc00a2c39e90264f33305004495a9","hash":"9b271dd737a69e0570e81fe8d8cae6445f8eb608"}
,"/Users/joyerz/Documents/me/test-demo/src/routes/helper.ts": {"path":"/Users/joyerz/Documents/me/test-demo/src/routes/helper.ts","statementMap":{"0":{"start":{"line":1,"column":14},"end":{"line":1,"column":18}},"1":{"start":{"line":8,"column":2},"end":{"line":8,"column":26}},"2":{"start":{"line":15,"column":2},"end":{"line":15,"column":17}},"3":{"start":{"line":23,"column":2},"end":{"line":23,"column":23}},"4":{"start":{"line":23,"column":16},"end":{"line":23,"column":23}},"5":{"start":{"line":25,"column":2},"end":{"line":25,"column":21}}},"fnMap":{"0":{"name":"setHistory","decl":{"start":{"line":7,"column":16},"end":{"line":7,"column":26}},"loc":{"start":{"line":7,"column":47},"end":{"line":9,"column":1}},"line":7},"1":{"name":"getHistory","decl":{"start":{"line":14,"column":16},"end":{"line":14,"column":26}},"loc":{"start":{"line":14,"column":35},"end":{"line":16,"column":1}},"line":14},"2":{"name":"navTo","decl":{"start":{"line":22,"column":16},"end":{"line":22,"column":21}},"loc":{"start":{"line":22,"column":42},"end":{"line":26,"column":1}},"line":22}},"branchMap":{"0":{"loc":{"start":{"line":23,"column":2},"end":{"line":23,"column":23}},"type":"if","locations":[{"start":{"line":23,"column":2},"end":{"line":23,"column":23}},{"start":{"line":23,"column":2},"end":{"line":23,"column":23}}],"line":23}},"s":{"0":2,"1":1,"2":3,"3":1,"4":0,"5":1},"f":{"0":1,"1":3,"2":1},"b":{"0":[0,1]},"_coverageSchema":"1a1c01bbd47fc00a2c39e90264f33305004495a9","hash":"c83aa30b2e38f865f25bde7051d0b2b87f8ec12b"}
}
