TN:
SF:src/components/header/index.tsx
FN:8,(anonymous_0)
FN:11,(anonymous_1)
FN:15,(anonymous_2)
FNF:3
FNH:3
FNDA:2,(anonymous_0)
FNDA:1,(anonymous_1)
FNDA:1,(anonymous_2)
DA:9,2
DA:11,1
DA:15,1
LF:3
LH:3
BRF:0
BRH:0
end_of_record
TN:
SF:src/components/layout/index.tsx
FN:12,(anonymous_0)
FNF:1
FNH:1
FNDA:1,(anonymous_0)
DA:13,1
LF:1
LH:1
BRF:0
BRH:0
end_of_record
TN:
SF:src/routes/helper.ts
FN:7,setHistory
FN:14,getHistory
FN:22,navTo
FNF:3
FNH:3
FNDA:1,setHistory
FNDA:3,getHistory
FNDA:1,navTo
DA:1,2
DA:8,1
DA:15,3
DA:23,1
DA:25,1
LF:5
LH:5
BRDA:23,0,0,0
BRDA:23,0,1,1
BRF:2
BRH:1
end_of_record
